C:\TEMP\DIPLOM\DEMO1410\DEBUG\DEMO1410.EXE
C:\TEMP\DIPLOM\DEMO1410\DEBUG\DEMO1410.ILK
C:\TEMP\DIPLOM\DEMO1410\DEBUG\DEMO1410.PDB
C:\TEMP\DIPLOM\DEMO1410\DEMO1410\DEBUG\.NETFRAMEWORK,VERSION=V4.0.ASSEMBLYATTRIBUTES.OBJ
C:\TEMP\DIPLOM\DEMO1410\DEMO1410\DEBUG\APP.RES
C:\TEMP\DIPLOM\DEMO1410\DEMO1410\DEBUG\ASSEMBLYINFO.OBJ
C:\TEMP\Diplom\Demo1410\Demo1410\Debug\cl.command.1.tlog
C:\TEMP\Diplom\Demo1410\Demo1410\Debug\CL.read.1.tlog
C:\TEMP\Diplom\Demo1410\Demo1410\Debug\CL.write.1.tlog
C:\TEMP\Diplom\Demo1410\Demo1410\Debug\ConnectionDB.obj
C:\TEMP\Diplom\Demo1410\Demo1410\Debug\Demo1410.ConnectionDB.resources
C:\TEMP\DIPLOM\DEMO1410\DEMO1410\DEBUG\DEMO1410.EXE.INTERMEDIATE.MANIFEST
C:\TEMP\Diplom\Demo1410\Demo1410\Debug\Demo1410.Form1.resources
C:\TEMP\Diplom\Demo1410\Demo1410\Debug\Demo1410.obj
C:\TEMP\DIPLOM\DEMO1410\DEMO1410\DEBUG\DEMO1410.PCH
C:\TEMP\Diplom\Demo1410\Demo1410\Debug\Demo1410.vcxproj.GenerateResource.Cache
C:\TEMP\Diplom\Demo1410\Demo1410\Debug\Demo1410.vcxprojResolveAssemblyReference.cache
C:\TEMP\Diplom\Demo1410\Demo1410\Debug\Demo1410.write.1.tlog
C:\TEMP\Diplom\Demo1410\Demo1410\Debug\link.11020.read.1.tlog
C:\TEMP\Diplom\Demo1410\Demo1410\Debug\link.11020.write.1.tlog
C:\TEMP\Diplom\Demo1410\Demo1410\Debug\link.11020-cvtres.read.1.tlog
C:\TEMP\Diplom\Demo1410\Demo1410\Debug\link.11020-cvtres.write.1.tlog
C:\TEMP\Diplom\Demo1410\Demo1410\Debug\link.13120.read.1.tlog
C:\TEMP\Diplom\Demo1410\Demo1410\Debug\link.13120.write.1.tlog
C:\TEMP\Diplom\Demo1410\Demo1410\Debug\link.13120-cvtres.read.1.tlog
C:\TEMP\Diplom\Demo1410\Demo1410\Debug\link.13120-cvtres.write.1.tlog
C:\TEMP\Diplom\Demo1410\Demo1410\Debug\link.1328.read.1.tlog
C:\TEMP\Diplom\Demo1410\Demo1410\Debug\link.1328.write.1.tlog
C:\TEMP\Diplom\Demo1410\Demo1410\Debug\link.1328-cvtres.read.1.tlog
C:\TEMP\Diplom\Demo1410\Demo1410\Debug\link.1328-cvtres.write.1.tlog
C:\TEMP\Diplom\Demo1410\Demo1410\Debug\link.5952.read.1.tlog
C:\TEMP\Diplom\Demo1410\Demo1410\Debug\link.5952.write.1.tlog
C:\TEMP\Diplom\Demo1410\Demo1410\Debug\link.5952-cvtres.read.1.tlog
C:\TEMP\Diplom\Demo1410\Demo1410\Debug\link.5952-cvtres.write.1.tlog
C:\TEMP\Diplom\Demo1410\Demo1410\Debug\link.7068.read.1.tlog
C:\TEMP\Diplom\Demo1410\Demo1410\Debug\link.7068.write.1.tlog
C:\TEMP\Diplom\Demo1410\Demo1410\Debug\link.7068-cvtres.read.1.tlog
C:\TEMP\Diplom\Demo1410\Demo1410\Debug\link.7068-cvtres.write.1.tlog
C:\TEMP\Diplom\Demo1410\Demo1410\Debug\link.9676.read.1.tlog
C:\TEMP\Diplom\Demo1410\Demo1410\Debug\link.9676.write.1.tlog
C:\TEMP\Diplom\Demo1410\Demo1410\Debug\link.9676-cvtres.read.1.tlog
C:\TEMP\Diplom\Demo1410\Demo1410\Debug\link.9676-cvtres.write.1.tlog
C:\TEMP\Diplom\Demo1410\Demo1410\Debug\link.9976.read.1.tlog
C:\TEMP\Diplom\Demo1410\Demo1410\Debug\link.9976.write.1.tlog
C:\TEMP\Diplom\Demo1410\Demo1410\Debug\link.9976-cvtres.read.1.tlog
C:\TEMP\Diplom\Demo1410\Demo1410\Debug\link.9976-cvtres.write.1.tlog
C:\TEMP\Diplom\Demo1410\Demo1410\Debug\link.command.1.tlog
C:\TEMP\Diplom\Demo1410\Demo1410\Debug\link.read.1.tlog
C:\TEMP\Diplom\Demo1410\Demo1410\Debug\link.write.1.tlog
C:\TEMP\Diplom\Demo1410\Demo1410\Debug\mt.command.1.tlog
C:\TEMP\Diplom\Demo1410\Demo1410\Debug\mt.read.1.tlog
C:\TEMP\Diplom\Demo1410\Demo1410\Debug\mt.write.1.tlog
C:\TEMP\Diplom\Demo1410\Demo1410\Debug\rc.command.1.tlog
C:\TEMP\Diplom\Demo1410\Demo1410\Debug\rc.read.1.tlog
C:\TEMP\Diplom\Demo1410\Demo1410\Debug\rc.write.1.tlog
C:\TEMP\DIPLOM\DEMO1410\DEMO1410\DEBUG\STDAFX.OBJ
C:\TEMP\DIPLOM\DEMO1410\DEMO1410\DEBUG\VC100.PDB
