Построение начато 31.10.2019 8:34:59.
     1>Проект "C:\TEMP\Diplom\Demo1410\Demo1410\Demo1410.vcxproj" в узле 2 (целевые объекты build).
     1>InitializeBuildStatus:
         Создание "Debug\Demo1410.unsuccessfulbuild", так как было задано "AlwaysCreate".
       GenerateTargetFrameworkMonikerAttribute:
       Целевой объект "GenerateTargetFrameworkMonikerAttribute" пропускается, так как все выходные файлы актуальны по отношению к входным.
       ClCompile:
         Для всех выходных данных обновления не требуется.
         c:\Program Files (x86)\Microsoft Visual Studio 10.0\VC\bin\CL.exe /c /AI"C:\Program Files (x86)\Reference Assemblies\Microsoft\Framework\.NETFramework\v4.0" /Zi /clr:pure /nologo /W3 /WX- /Od /Oy- /D WIN32 /D _DEBUG /D _UNICODE /D UNICODE /EHa /MDd /GS /fp:precise /Zc:wchar_t /Zc:forScope /Yu"StdAfx.h" /Fp"Debug\Demo1410.pch" /Fo"Debug\\" /Fd"Debug\vc100.pdb" /TP /FU"C:\Program Files (x86)\Reference Assemblies\Microsoft\Framework\.NETFramework\v4.0\System.Core.dll" /FU"C:\Program Files (x86)\Reference Assemblies\Microsoft\Framework\.NETFramework\v4.0\System.Data.dll" /FU"C:\Program Files (x86)\Reference Assemblies\Microsoft\Framework\.NETFramework\v4.0\System.dll" /FU"C:\Program Files (x86)\Reference Assemblies\Microsoft\Framework\.NETFramework\v4.0\System.Drawing.dll" /FU"C:\Program Files (x86)\Reference Assemblies\Microsoft\Framework\.NETFramework\v4.0\System.Windows.Forms.dll" /FU"C:\Program Files (x86)\Reference Assemblies\Microsoft\Framework\.NETFramework\v4.0\System.Xml.dll" /analyze- /errorReport:prompt ConnectionDB.cpp Demo1410.cpp /clr:nostdlib 
         ConnectionDB.cpp
     1>ConnectionDB.cpp(1): warning C4005: __CLR_VER: изменение макроопределения
                 аргументы командной строки:  см. предыдущее определение "__CLR_VER"
     1>ConnectionDB.cpp(1): warning C4651: параметр "/D__CLR_VER=40803752" указан для предкомпилированного заголовка, но не для текущей компиляции
         Demo1410.cpp
     1>Demo1410.cpp(3): warning C4005: __CLR_VER: изменение макроопределения
                 аргументы командной строки:  см. предыдущее определение "__CLR_VER"
     1>Demo1410.cpp(3): warning C4651: параметр "/D__CLR_VER=40803752" указан для предкомпилированного заголовка, но не для текущей компиляции
         Создание кода...
         Для всех выходных данных обновления не требуется.
       CoreResGen:
         "c:\Program Files (x86)\Microsoft SDKs\Windows\v7.0A\bin\NETFX 4.0 Tools\resgen.exe" /useSourcePath /r:"C:\Program Files (x86)\Reference Assemblies\Microsoft\Framework\.NETFramework\v4.0\System.Core.dll" /r:"C:\Program Files (x86)\Reference Assemblies\Microsoft\Framework\.NETFramework\v4.0\System.Data.dll" /r:"C:\Program Files (x86)\Reference Assemblies\Microsoft\Framework\.NETFramework\v4.0\System.dll" /r:"C:\Program Files (x86)\Reference Assemblies\Microsoft\Framework\.NETFramework\v4.0\System.Drawing.dll" /r:"C:\Program Files (x86)\Reference Assemblies\Microsoft\Framework\.NETFramework\v4.0\System.Windows.Forms.dll" /r:"C:\Program Files (x86)\Reference Assemblies\Microsoft\Framework\.NETFramework\v4.0\System.Xml.dll" /compile ConnectionDB.resx,Debug\Demo1410.ConnectionDB.resources
         Обрабатывается файл ресурсов "ConnectionDB.resx", результирующий объект: "Debug\Demo1410.ConnectionDB.resources".
       ResourceCompile:
         Для всех выходных данных обновления не требуется.
       Link:
         c:\Program Files (x86)\Microsoft Visual Studio 10.0\VC\bin\link.exe /ERRORREPORT:PROMPT /OUT:"C:\TEMP\Diplom\Demo1410\Debug\Demo1410.exe" /INCREMENTAL /NOLOGO /ASSEMBLYRESOURCE:Debug\Demo1410.ConnectionDB.resources /ASSEMBLYRESOURCE:Debug\Demo1410.CreateDB.resources /ASSEMBLYRESOURCE:Debug\Demo1410.Form1.resources /MANIFEST /ManifestFile:"Debug\Demo1410.exe.intermediate.manifest" /MANIFESTUAC:"level='asInvoker' uiAccess='false'" /DEBUG /PDB:"C:\TEMP\Diplom\Demo1410\Debug\Demo1410.pdb" /ASSEMBLYDEBUG /SUBSYSTEM:WINDOWS /TLBID:1 /ENTRY:"main" /DYNAMICBASE /FIXED:NO /NXCOMPAT /MACHINE:X86 Debug\app.res
         Debug\AssemblyInfo.obj
         Debug\ConnectionDB.obj
         Debug\CreateDB.obj
         Debug\Demo1410.obj
         Debug\stdafx.obj
         "Debug\.NETFramework,Version=v4.0.AssemblyAttributes.obj"
         Demo1410.vcxproj -> C:\TEMP\Diplom\Demo1410\Debug\Demo1410.exe
       Manifest:
         c:\Program Files (x86)\Microsoft SDKs\Windows\v7.0A\bin\mt.exe /nologo /verbose /outputresource:"C:\TEMP\Diplom\Demo1410\Debug\Demo1410.exe;#1" /manifest Debug\Demo1410.exe.intermediate.manifest
       FinalizeBuildStatus:
         Файл "Debug\Demo1410.unsuccessfulbuild" удаляется.
         Обращение к "Debug\Demo1410.lastbuildstate".
     1>Построение проекта "C:\TEMP\Diplom\Demo1410\Demo1410\Demo1410.vcxproj" завершено (целевые объекты build).

Построение успешно завершено.

Затраченное время: 00:00:03.60
